d:\ragnarok_emulators\ra_wmod_with_gepard\.vs\build\common\win32\debug\common.pdb
d:\ragnarok_emulators\ra_wmod_with_gepard\.vs\build\common\win32\debug\common.idb
d:\ragnarok_emulators\ra_wmod_with_gepard\.vs\build\common\win32\debug\winapi.obj
d:\ragnarok_emulators\ra_wmod_with_gepard\.vs\build\common\win32\debug\utils.obj
d:\ragnarok_emulators\ra_wmod_with_gepard\.vs\build\common\win32\debug\timer.obj
d:\ragnarok_emulators\ra_wmod_with_gepard\.vs\build\common\win32\debug\strlib.obj
d:\ragnarok_emulators\ra_wmod_with_gepard\.vs\build\common\win32\debug\sql.obj
d:\ragnarok_emulators\ra_wmod_with_gepard\.vs\build\common\win32\debug\socket.obj
d:\ragnarok_emulators\ra_wmod_with_gepard\.vs\build\common\win32\debug\showmsg.obj
d:\ragnarok_emulators\ra_wmod_with_gepard\.vs\build\common\win32\debug\random.obj
d:\ragnarok_emulators\ra_wmod_with_gepard\.vs\build\common\win32\debug\nullpo.obj
d:\ragnarok_emulators\ra_wmod_with_gepard\.vs\build\common\win32\debug\msg_conf.obj
d:\ragnarok_emulators\ra_wmod_with_gepard\.vs\build\common\win32\debug\md5calc.obj
d:\ragnarok_emulators\ra_wmod_with_gepard\.vs\build\common\win32\debug\mapindex.obj
d:\ragnarok_emulators\ra_wmod_with_gepard\.vs\build\common\win32\debug\malloc.obj
d:\ragnarok_emulators\ra_wmod_with_gepard\.vs\build\common\win32\debug\grfio.obj
d:\ragnarok_emulators\ra_wmod_with_gepard\.vs\build\common\win32\debug\ers.obj
d:\ragnarok_emulators\ra_wmod_with_gepard\.vs\build\common\win32\debug\des.obj
d:\ragnarok_emulators\ra_wmod_with_gepard\.vs\build\common\win32\debug\db.obj
d:\ragnarok_emulators\ra_wmod_with_gepard\.vs\build\common\win32\debug\core.obj
d:\ragnarok_emulators\ra_wmod_with_gepard\.vs\build\common\win32\debug\conf.obj
d:\ragnarok_emulators\ra_wmod_with_gepard\.vs\build\common\win32\debug\cli.obj
d:\ragnarok_emulators\ra_wmod_with_gepard\.vs\build\common\win32\debug\utilities.obj
d:\ragnarok_emulators\ra_wmod_with_gepard\.vs\build\common.lib
d:\ragnarok_emulators\ra_wmod_with_gepard\.vs\build\common.pdb
d:\ragnarok_emulators\ra_wmod_with_gepard\.vs\build\common\win32\debug\common.tlog\cl.command.1.tlog
d:\ragnarok_emulators\ra_wmod_with_gepard\.vs\build\common\win32\debug\common.tlog\cl.read.1.tlog
d:\ragnarok_emulators\ra_wmod_with_gepard\.vs\build\common\win32\debug\common.tlog\cl.write.1.tlog
d:\ragnarok_emulators\ra_wmod_with_gepard\.vs\build\common\win32\debug\common.tlog\lib-link.read.1.tlog
d:\ragnarok_emulators\ra_wmod_with_gepard\.vs\build\common\win32\debug\common.tlog\lib-link.write.1.tlog
d:\ragnarok_emulators\ra_wmod_with_gepard\.vs\build\common\win32\debug\common.tlog\lib.command.1.tlog
