d:\ragnarok_emulators\ra_wmod_with_gepard\.vs\build\common-minicore\win32\debug\common-minicore.pdb
d:\ragnarok_emulators\ra_wmod_with_gepard\.vs\build\common-minicore\win32\debug\common-minicore.idb
d:\ragnarok_emulators\ra_wmod_with_gepard\.vs\build\common-minicore\win32\debug\winapi.obj
d:\ragnarok_emulators\ra_wmod_with_gepard\.vs\build\common-minicore\win32\debug\utils.obj
d:\ragnarok_emulators\ra_wmod_with_gepard\.vs\build\common-minicore\win32\debug\strlib.obj
d:\ragnarok_emulators\ra_wmod_with_gepard\.vs\build\common-minicore\win32\debug\showmsg.obj
d:\ragnarok_emulators\ra_wmod_with_gepard\.vs\build\common-minicore\win32\debug\random.obj
d:\ragnarok_emulators\ra_wmod_with_gepard\.vs\build\common-minicore\win32\debug\nullpo.obj
d:\ragnarok_emulators\ra_wmod_with_gepard\.vs\build\common-minicore\win32\debug\msg_conf.obj
d:\ragnarok_emulators\ra_wmod_with_gepard\.vs\build\common-minicore\win32\debug\md5calc.obj
d:\ragnarok_emulators\ra_wmod_with_gepard\.vs\build\common-minicore\win32\debug\mapindex.obj
d:\ragnarok_emulators\ra_wmod_with_gepard\.vs\build\common-minicore\win32\debug\malloc.obj
d:\ragnarok_emulators\ra_wmod_with_gepard\.vs\build\common-minicore\win32\debug\grfio.obj
d:\ragnarok_emulators\ra_wmod_with_gepard\.vs\build\common-minicore\win32\debug\des.obj
d:\ragnarok_emulators\ra_wmod_with_gepard\.vs\build\common-minicore\win32\debug\core.obj
d:\ragnarok_emulators\ra_wmod_with_gepard\.vs\build\common-minicore\win32\debug\conf.obj
d:\ragnarok_emulators\ra_wmod_with_gepard\.vs\build\common-minicore\win32\debug\cli.obj
d:\ragnarok_emulators\ra_wmod_with_gepard\.vs\build\common-minicore.lib
d:\ragnarok_emulators\ra_wmod_with_gepard\.vs\build\common-minicore.pdb
d:\ragnarok_emulators\ra_wmod_with_gepard\.vs\build\common-minicore\win32\debug\common-minicore.tlog\cl.command.1.tlog
d:\ragnarok_emulators\ra_wmod_with_gepard\.vs\build\common-minicore\win32\debug\common-minicore.tlog\cl.read.1.tlog
d:\ragnarok_emulators\ra_wmod_with_gepard\.vs\build\common-minicore\win32\debug\common-minicore.tlog\cl.write.1.tlog
d:\ragnarok_emulators\ra_wmod_with_gepard\.vs\build\common-minicore\win32\debug\common-minicore.tlog\lib-link.read.1.tlog
d:\ragnarok_emulators\ra_wmod_with_gepard\.vs\build\common-minicore\win32\debug\common-minicore.tlog\lib-link.write.1.tlog
d:\ragnarok_emulators\ra_wmod_with_gepard\.vs\build\common-minicore\win32\debug\common-minicore.tlog\lib.command.1.tlog
