d:\ragnarok_emulators\ra_wmod_with_gepard\.vs\build\char-server\win32\debug\vc141.pdb
d:\ragnarok_emulators\ra_wmod_with_gepard\.vs\build\char-server\win32\debug\vc141.idb
d:\ragnarok_emulators\ra_wmod_with_gepard\.vs\build\char-server\win32\debug\int_storage.obj
d:\ragnarok_emulators\ra_wmod_with_gepard\.vs\build\char-server\win32\debug\int_quest.obj
d:\ragnarok_emulators\ra_wmod_with_gepard\.vs\build\char-server\win32\debug\int_pet.obj
d:\ragnarok_emulators\ra_wmod_with_gepard\.vs\build\char-server\win32\debug\int_party.obj
d:\ragnarok_emulators\ra_wmod_with_gepard\.vs\build\char-server\win32\debug\int_mercenary.obj
d:\ragnarok_emulators\ra_wmod_with_gepard\.vs\build\char-server\win32\debug\int_mail.obj
d:\ragnarok_emulators\ra_wmod_with_gepard\.vs\build\char-server\win32\debug\int_homun.obj
d:\ragnarok_emulators\ra_wmod_with_gepard\.vs\build\char-server\win32\debug\int_guild.obj
d:\ragnarok_emulators\ra_wmod_with_gepard\.vs\build\char-server\win32\debug\int_elemental.obj
d:\ragnarok_emulators\ra_wmod_with_gepard\.vs\build\char-server\win32\debug\int_clan.obj
d:\ragnarok_emulators\ra_wmod_with_gepard\.vs\build\char-server\win32\debug\int_auction.obj
d:\ragnarok_emulators\ra_wmod_with_gepard\.vs\build\char-server\win32\debug\int_achievement.obj
d:\ragnarok_emulators\ra_wmod_with_gepard\.vs\build\char-server\win32\debug\inter.obj
d:\ragnarok_emulators\ra_wmod_with_gepard\.vs\build\char-server\win32\debug\char_mapif.obj
d:\ragnarok_emulators\ra_wmod_with_gepard\.vs\build\char-server\win32\debug\char_logif.obj
d:\ragnarok_emulators\ra_wmod_with_gepard\.vs\build\char-server\win32\debug\char_cnslif.obj
d:\ragnarok_emulators\ra_wmod_with_gepard\.vs\build\char-server\win32\debug\char_clif.obj
d:\ragnarok_emulators\ra_wmod_with_gepard\.vs\build\char-server\win32\debug\char.obj
d:\ragnarok_emulators\ra_wmod_with_gepard\char-server.ilk
d:\ragnarok_emulators\ra_wmod_with_gepard\char-server.exe
d:\ragnarok_emulators\ra_wmod_with_gepard\char-server.pdb
d:\ragnarok_emulators\ra_wmod_with_gepard\.vs\build\char-server\win32\debug\char-server.tlog\cl.command.1.tlog
d:\ragnarok_emulators\ra_wmod_with_gepard\.vs\build\char-server\win32\debug\char-server.tlog\cl.read.1.tlog
d:\ragnarok_emulators\ra_wmod_with_gepard\.vs\build\char-server\win32\debug\char-server.tlog\cl.write.1.tlog
d:\ragnarok_emulators\ra_wmod_with_gepard\.vs\build\char-server\win32\debug\char-server.tlog\link.command.1.tlog
d:\ragnarok_emulators\ra_wmod_with_gepard\.vs\build\char-server\win32\debug\char-server.tlog\link.read.1.tlog
d:\ragnarok_emulators\ra_wmod_with_gepard\.vs\build\char-server\win32\debug\char-server.tlog\link.write.1.tlog
