d:\ragnarok_emulators\ra_wmod_with_gepard\.vs\build\yaml-cpp\win32\debug\yaml-cpp.pdb
d:\ragnarok_emulators\ra_wmod_with_gepard\.vs\build\yaml-cpp\win32\debug\parse.obj
d:\ragnarok_emulators\ra_wmod_with_gepard\.vs\build\yaml-cpp\win32\debug\ostream_wrapper.obj
d:\ragnarok_emulators\ra_wmod_with_gepard\.vs\build\yaml-cpp\win32\debug\null.obj
d:\ragnarok_emulators\ra_wmod_with_gepard\.vs\build\yaml-cpp\win32\debug\node_data.obj
d:\ragnarok_emulators\ra_wmod_with_gepard\.vs\build\yaml-cpp\win32\debug\nodeevents.obj
d:\ragnarok_emulators\ra_wmod_with_gepard\.vs\build\yaml-cpp\win32\debug\nodebuilder.obj
d:\ragnarok_emulators\ra_wmod_with_gepard\.vs\build\yaml-cpp\win32\debug\node.obj
d:\ragnarok_emulators\ra_wmod_with_gepard\.vs\build\yaml-cpp\win32\debug\memory.obj
d:\ragnarok_emulators\ra_wmod_with_gepard\.vs\build\yaml-cpp\win32\debug\exp.obj
d:\ragnarok_emulators\ra_wmod_with_gepard\.vs\build\yaml-cpp\win32\debug\exceptions.obj
d:\ragnarok_emulators\ra_wmod_with_gepard\.vs\build\yaml-cpp\win32\debug\emitterutils.obj
d:\ragnarok_emulators\ra_wmod_with_gepard\.vs\build\yaml-cpp\win32\debug\emitterstate.obj
d:\ragnarok_emulators\ra_wmod_with_gepard\.vs\build\yaml-cpp\win32\debug\emitter.obj
d:\ragnarok_emulators\ra_wmod_with_gepard\.vs\build\yaml-cpp\win32\debug\emitfromevents.obj
d:\ragnarok_emulators\ra_wmod_with_gepard\.vs\build\yaml-cpp\win32\debug\emit.obj
d:\ragnarok_emulators\ra_wmod_with_gepard\.vs\build\yaml-cpp\win32\debug\directives.obj
d:\ragnarok_emulators\ra_wmod_with_gepard\.vs\build\yaml-cpp\win32\debug\convert.obj
d:\ragnarok_emulators\ra_wmod_with_gepard\.vs\build\yaml-cpp\win32\debug\graphbuilderadapter.obj
d:\ragnarok_emulators\ra_wmod_with_gepard\.vs\build\yaml-cpp\win32\debug\graphbuilder.obj
d:\ragnarok_emulators\ra_wmod_with_gepard\.vs\build\yaml-cpp\win32\debug\binary.obj
d:\ragnarok_emulators\ra_wmod_with_gepard\.vs\build\yaml-cpp\win32\debug\tag.obj
d:\ragnarok_emulators\ra_wmod_with_gepard\.vs\build\yaml-cpp\win32\debug\stream.obj
d:\ragnarok_emulators\ra_wmod_with_gepard\.vs\build\yaml-cpp\win32\debug\singledocparser.obj
d:\ragnarok_emulators\ra_wmod_with_gepard\.vs\build\yaml-cpp\win32\debug\simplekey.obj
d:\ragnarok_emulators\ra_wmod_with_gepard\.vs\build\yaml-cpp\win32\debug\scantoken.obj
d:\ragnarok_emulators\ra_wmod_with_gepard\.vs\build\yaml-cpp\win32\debug\scantag.obj
d:\ragnarok_emulators\ra_wmod_with_gepard\.vs\build\yaml-cpp\win32\debug\scanscalar.obj
d:\ragnarok_emulators\ra_wmod_with_gepard\.vs\build\yaml-cpp\win32\debug\scanner.obj
d:\ragnarok_emulators\ra_wmod_with_gepard\.vs\build\yaml-cpp\win32\debug\regex_yaml.obj
d:\ragnarok_emulators\ra_wmod_with_gepard\.vs\build\yaml-cpp\win32\debug\parser.obj
d:\ragnarok_emulators\ra_wmod_with_gepard\.vs\build\yaml-cpp.lib
d:\ragnarok_emulators\ra_wmod_with_gepard\.vs\build\yaml-cpp.pdb
d:\ragnarok_emulators\ra_wmod_with_gepard\.vs\build\yaml-cpp\win32\debug\yaml-cpp.tlog\cl.command.1.tlog
d:\ragnarok_emulators\ra_wmod_with_gepard\.vs\build\yaml-cpp\win32\debug\yaml-cpp.tlog\cl.read.1.tlog
d:\ragnarok_emulators\ra_wmod_with_gepard\.vs\build\yaml-cpp\win32\debug\yaml-cpp.tlog\cl.write.1.tlog
d:\ragnarok_emulators\ra_wmod_with_gepard\.vs\build\yaml-cpp\win32\debug\yaml-cpp.tlog\lib-link.read.1.tlog
d:\ragnarok_emulators\ra_wmod_with_gepard\.vs\build\yaml-cpp\win32\debug\yaml-cpp.tlog\lib-link.write.1.tlog
d:\ragnarok_emulators\ra_wmod_with_gepard\.vs\build\yaml-cpp\win32\debug\yaml-cpp.tlog\lib.command.1.tlog
