d:\ragnarok_emulators\ra_wmod_with_gepard\.vs\build\map-server\win32\debug\vc141.pdb
d:\ragnarok_emulators\ra_wmod_with_gepard\.vs\build\map-server\win32\debug\vc141.idb
d:\ragnarok_emulators\ra_wmod_with_gepard\.vs\build\map-server\win32\debug\log.obj
d:\ragnarok_emulators\ra_wmod_with_gepard\.vs\build\map-server\win32\debug\itemdb.obj
d:\ragnarok_emulators\ra_wmod_with_gepard\.vs\build\map-server\win32\debug\intif.obj
d:\ragnarok_emulators\ra_wmod_with_gepard\.vs\build\map-server\win32\debug\instance.obj
d:\ragnarok_emulators\ra_wmod_with_gepard\.vs\build\map-server\win32\debug\homunculus.obj
d:\ragnarok_emulators\ra_wmod_with_gepard\.vs\build\map-server\win32\debug\guild.obj
d:\ragnarok_emulators\ra_wmod_with_gepard\.vs\build\map-server\win32\debug\elemental.obj
d:\ragnarok_emulators\ra_wmod_with_gepard\.vs\build\map-server\win32\debug\duel.obj
d:\ragnarok_emulators\ra_wmod_with_gepard\.vs\build\map-server\win32\debug\date.obj
d:\ragnarok_emulators\ra_wmod_with_gepard\.vs\build\map-server\win32\debug\clif.obj
d:\ragnarok_emulators\ra_wmod_with_gepard\.vs\build\map-server\win32\debug\clan.obj
d:\ragnarok_emulators\ra_wmod_with_gepard\.vs\build\map-server\win32\debug\chrif.obj
d:\ragnarok_emulators\ra_wmod_with_gepard\.vs\build\map-server\win32\debug\chat.obj
d:\ragnarok_emulators\ra_wmod_with_gepard\.vs\build\map-server\win32\debug\channel.obj
d:\ragnarok_emulators\ra_wmod_with_gepard\.vs\build\map-server\win32\debug\cashshop.obj
d:\ragnarok_emulators\ra_wmod_with_gepard\.vs\build\map-server\win32\debug\buyingstore.obj
d:\ragnarok_emulators\ra_wmod_with_gepard\.vs\build\map-server\win32\debug\battleground.obj
d:\ragnarok_emulators\ra_wmod_with_gepard\.vs\build\map-server\win32\debug\battle.obj
d:\ragnarok_emulators\ra_wmod_with_gepard\.vs\build\map-server\win32\debug\atcommand.obj
d:\ragnarok_emulators\ra_wmod_with_gepard\.vs\build\map-server\win32\debug\achievement.obj
d:\ragnarok_emulators\ra_wmod_with_gepard\.vs\build\map-server\win32\debug\unit.obj
d:\ragnarok_emulators\ra_wmod_with_gepard\.vs\build\map-server\win32\debug\trade.obj
d:\ragnarok_emulators\ra_wmod_with_gepard\.vs\build\map-server\win32\debug\storage.obj
d:\ragnarok_emulators\ra_wmod_with_gepard\.vs\build\map-server\win32\debug\status.obj
d:\ragnarok_emulators\ra_wmod_with_gepard\.vs\build\map-server\win32\debug\skill.obj
d:\ragnarok_emulators\ra_wmod_with_gepard\.vs\build\map-server\win32\debug\searchstore.obj
d:\ragnarok_emulators\ra_wmod_with_gepard\.vs\build\map-server\win32\debug\script.obj
d:\ragnarok_emulators\ra_wmod_with_gepard\.vs\build\map-server\win32\debug\quest.obj
d:\ragnarok_emulators\ra_wmod_with_gepard\.vs\build\map-server\win32\debug\pet.obj
d:\ragnarok_emulators\ra_wmod_with_gepard\.vs\build\map-server\win32\debug\pc_groups.obj
d:\ragnarok_emulators\ra_wmod_with_gepard\.vs\build\map-server\win32\debug\path.obj
d:\ragnarok_emulators\ra_wmod_with_gepard\.vs\build\map-server\win32\debug\party.obj
d:\ragnarok_emulators\ra_wmod_with_gepard\.vs\build\map-server\win32\debug\npc_chat.obj
d:\ragnarok_emulators\ra_wmod_with_gepard\.vs\build\map-server\win32\debug\npc.obj
d:\ragnarok_emulators\ra_wmod_with_gepard\.vs\build\map-server\win32\debug\mob.obj
d:\ragnarok_emulators\ra_wmod_with_gepard\.vs\build\map-server\win32\debug\mercenary.obj
d:\ragnarok_emulators\ra_wmod_with_gepard\.vs\build\map-server\win32\debug\mapreg.obj
d:\ragnarok_emulators\ra_wmod_with_gepard\.vs\build\map-server\win32\debug\map.obj
d:\ragnarok_emulators\ra_wmod_with_gepard\.vs\build\map-server\win32\debug\mail.obj
d:\ragnarok_emulators\ra_wmod_with_gepard\.vs\build\map-server\win32\debug\vending.obj
d:\ragnarok_emulators\ra_wmod_with_gepard\.vs\build\map-server\win32\debug\pc.obj
d:\ragnarok_emulators\ra_wmod_with_gepard\map-server.exe
d:\ragnarok_emulators\ra_wmod_with_gepard\map-server.ilk
d:\ragnarok_emulators\ra_wmod_with_gepard\map-server.pdb
d:\ragnarok_emulators\ra_wmod_with_gepard\.vs\build\map-server\win32\debug\map-server.tlog\cl.command.1.tlog
d:\ragnarok_emulators\ra_wmod_with_gepard\.vs\build\map-server\win32\debug\map-server.tlog\cl.read.1.tlog
d:\ragnarok_emulators\ra_wmod_with_gepard\.vs\build\map-server\win32\debug\map-server.tlog\cl.write.1.tlog
d:\ragnarok_emulators\ra_wmod_with_gepard\.vs\build\map-server\win32\debug\map-server.tlog\link.command.1.tlog
d:\ragnarok_emulators\ra_wmod_with_gepard\.vs\build\map-server\win32\debug\map-server.tlog\link.read.1.tlog
d:\ragnarok_emulators\ra_wmod_with_gepard\.vs\build\map-server\win32\debug\map-server.tlog\link.write.1.tlog
